<?xml version="1.0" encoding="UTF-8"?>
<testsuite xmlns:xsi="http://www.w3.org/2001/XMLSchema-instance" xsi:noNamespaceSchemaLocation="https://maven.apache.org/surefire/maven-surefire-plugin/xsd/surefire-test-report-3.0.xsd" version="3.0" name="TestSuite" time="39.096" tests="14" errors="0" skipped="0" failures="0">
  <properties>
[...]
</properties>
  <testcase name="readValues" classname="Bitcoin" time="13.768">
    <system-out><![CDATA[52,717.7   +1002.0   +1.94%   Fri Feb 19 09:12:43 MSK 2021
]]></system-out>
    <system-err><![CDATA[Starting ChromeDriver 88.0.4324.96 (68dba2d8a0b149a1d3afac56fa74648032bcf46b-refs/branch-heads/4324@{#1784}) on port 10900
Only local connections are allowed.
Please see https://chromedriver.chromium.org/security-considerations for suggestions on keeping ChromeDriver safe.
Starting ChromeDriveSrtarti 8ng8. C0h.r4o3m2e4D.9ri6v e(6r8d 8b8a.20d.84a30b214.499a61 d(63a8dfabac526d8faa07b4614498a0132d3bcafac56f4f6ab7-46r4ef80s3/2bbrcafnc46h-b-hreeadfss//4br32an4c@h{#-h1e78a4ds}/)4 32o4n@ {p#o1r784}) on potr t1 049510212

OnOnlyl yl olcoacla l ccoonnnneeccttiioonnss ar e aarlelo waeldl.ow
ePdl.ea
sPel esaee hset tpsse:e/ /httcphsr:o/m/chromeedrdirvievre.rc.hrcohmrioummiu.omr.ogrg/s/seceucruirtiy-tcyo-ncsoindesriadterations fori osnsu gfogre sstuigogness toino nkse eopni nkege pCinhromeDrig ChromeDriver safe.
ver safe.
ChromeDriver was started successfully.
ChromeDriver was started successfully.
Starting ChromeDriver 88.0.4324.96 (68dba2d8a0b149a1d3afac56fa74648032bcf46b-refs/branch-heads/4324@{#1784}) on port 40746
Only local connections are allowed.
Please see https://chromedriver.chromium.org/security-considerations for suggestions on keeping ChromeDriver safe.
ChromeDriver was started successfully.
ChromeDriver was started successfully.
Starting ChromeDriver 88.0.4324.96 (68dba2d8a0b149a1d3afac56fa74648032bcf46b-refs/branch-heads/4324@{#1784}) on port 39944
Only local connections are allowed.
Please see https://chromedriver.chromium.org/security-considerations for suggestions on keeping ChromeDriver safe.
ChromeDriver was started successfully.
февр. 19, 2021 9:12:47 AM org.openqa.selenium.remote.ProtocolHandshake createSession
INFO: Detected dialect: W3C
февр. 19, 2021 9:12:47 AM org.openqa.selenium.remote.ProtocolHandshake createSession
INFO: Detected dialect: W3C
февр. 19, 2021 9:12:47 AM org.openqa.selenium.remote.ProtocolHandshake createSession
INFO: Detected dialect: W3C
февр. 19, 2021 9:12:48 AM org.openqa.selenium.remote.ProtocolHandshake createSession
INFO: Detected dialect: W3C
февр. 19, 2021 9:12:48 AM org.openqa.selenium.remote.ProtocolHandshake createSession
INFO: Detected dialect: W3C
]]></system-err>
  </testcase>
  <testcase name="write" classname="Bitcoin" time="0.001">
    <system-err><![CDATA[февр. 19, 2021 9:13:18 AM org.openqa.selenium.remote.ProtocolHandshake createSession
INFO: Detected dialect: W3C
]]></system-err>
  </testcase>
  <testcase name="readValues" classname="Monero" time="13.774">
    <system-out><![CDATA[271.607   +6.923   +2.62%   Fri Feb 19 09:12:43 MSK 2021
]]></system-out>
  </testcase>
  <testcase name="write" classname="Monero" time="0"/>
  <testcase name="readValues" classname="BinanceCoin" time="13.954">
    <system-out><![CDATA[251.8494   +63.3992   +33.64%   Fri Feb 19 09:12:43 MSK 2021
]]></system-out>
  </testcase>
  <testcase name="write" classname="BinanceCoin" time="0">
    <system-err><![CDATA[Starting ChromeDriver 88.0.4324.96 (68dba2d8a0b149a1d3afac56fa74648032bcf46b-refs/branch-heads/4324@{#1784}) on port 16632
Only local connections are allowed.
Please see https://chromedriver.chromium.org/security-considerations for suggestions on keeping ChromeDriver safe.
Starting ChromeDriver 88.0.4324.96 (68dba2d8a0b149a1d3afac56fa74648032bcf46b-refs/branch-heads/4324@{#1784}) on port 24184
Only local connections are allowed.
Please see https://chromedriver.chromium.org/security-considerations for suggestions on keeping ChromeDriver safe.
Starting ChromeDriver 88.0.4324.96 (68dba2d8a0b149a1d3afac56fa74648032bcf46b-refs/branch-heads/4324@{#1784}) on port 16652
Only local connections are allowed.
Please see https://chromedriver.chromium.org/security-considerations for suggestions on keeping ChromeDriver safe.
ChromeDriver was started successfully.
Starting ChromeDriver 88.0.4324.96 (68dba2d8a0b149a1d3afac56fa74648032bcf46b-refs/branch-heads/4324@{#1784}) on port 19370
Only local connections are allowed.
Please see https://chromedriver.chromium.org/security-considerations for suggestions on keeping ChromeDriver safe.
ChromeDriveCrh rwoamseD rsitvaerr was started tsuccessfeuldl ys.uc
cessfully.
Starting ChromeDriver 88.0.4324.96 (68dba2d8a0b149a1d3afac56fa74648032bcf46b-refs/branch-heads/4324@{#1784}) on port 22322
Only local connections are allowed.
Please see https://chromedriver.chromium.org/security-considerations for suggestions on keeping ChromeDriver safe.
ChromeDriver was started successfully.
ChromeDriver was started successfully.
февр. 19, 2021 9:13:18 AM org.openqa.selenium.remote.ProtocolHandshake createSession
INFO: Detected dialect: W3C
февр. 19, 2021 9:13:18 AM org.openqa.selenium.remote.ProtocolHandshake createSession
INFO: Detected dialect: W3C
]]></system-err>
  </testcase>
  <testcase name="readValues" classname="DogeCoin" time="14.455">
    <system-out><![CDATA[0.055926   +0.005618   +11.17%   Fri Feb 19 09:12:43 MSK 2021
]]></system-out>
  </testcase>
  <testcase name="write" classname="DogeCoin" time="0">
    <system-err><![CDATA[февр. 19, 2021 9:13:18 AM org.openqa.selenium.remote.ProtocolHandshake createSession
INFO: Detected dialect: W3C
]]></system-err>
  </testcase>
  <testcase name="readValues" classname="Ethereum" time="14.473">
    <system-out><![CDATA[1,932.76   +42.68   +2.26%   Fri Feb 19 09:12:43 MSK 2021
]]></system-out>
  </testcase>
  <testcase name="write" classname="Ethereum" time="0">
    <system-err><![CDATA[февр. 19, 2021 9:13:18 AM org.openqa.selenium.remote.ProtocolHandshake createSession
INFO: Detected dialect: W3C
]]></system-err>
  </testcase>
  <testcase name="readValues" classname="PolcaDot" time="7.935">
    <system-out><![CDATA[32.38570   +0.82140   +2.60%   Fri Feb 19 09:12:43 MSK 2021
]]></system-out>
    <system-err><![CDATA[Starting ChromeDriver 88.0.4324.96 (68dba2d8a0b149a1d3afac56fa74648032bcf46b-refs/branch-heads/4324@{#1784}) on port 33245
Only local connections are allowed.
Please see https://chromedriver.chromium.org/security-considerations for suggestions on keeping ChromeDriver safe.
ChromeDriver was started successfully.
Starting ChromeDriver 88.0.4324.96 (68dba2d8a0b149a1d3afac56fa74648032bcf46b-refs/branch-heads/4324@{#1784}) on port 7705
Only local connections are allowed.
Please see https://chromedriver.chromium.org/security-considerations for suggestions on keeping ChromeDriver safe.
ChromeDriver was started successfully.
февр. 19, 2021 9:13:05 AM org.openqa.selenium.remote.ProtocolHandshake createSession
INFO: Detected dialect: W3C
февр. 19, 2021 9:13:06 AM org.openqa.selenium.remote.ProtocolHandshake createSession
INFO: Detected dialect: W3C
]]></system-err>
  </testcase>
  <testcase name="write" classname="PolcaDot" time="0">
    <system-err><![CDATA[Starting ChromeDriver 88.0.4324.96 (68dba2d8a0b149a1d3afac56fa74648032bcf46b-refs/branch-heads/4324@{#1784}) on port 13533
Only local connections are allowed.
Please see https://chromedriver.chromium.org/security-considerations for suggestions on keeping ChromeDriver safe.
ChromeDriver was started successfully.
Starting ChromeDriver 88.0.4324.96 (68dba2d8a0b149a1d3afac56fa74648032bcf46b-refs/branch-heads/4324@{#1784}) on port 16878
Only local connections are allowed.
Please see https://chromedriver.chromium.org/security-considerations for suggestions on keeping ChromeDriver safe.
ChromeDriver was started successfully.
февр. 19, 2021 9:13:20 AM org.openqa.selenium.remote.ProtocolHandshake createSession
INFO: Detected dialect: W3C
]]></system-err>
  </testcase>
  <testcase name="readValues" classname="TronCoin" time="8.874">
    <system-out><![CDATA[0.060766   +0.007748   +14.61%   Fri Feb 19 09:12:43 MSK 2021
]]></system-out>
  </testcase>
  <testcase name="write" classname="TronCoin" time="0">
    <system-err><![CDATA[февр. 19, 2021 9:13:20 AM org.openqa.selenium.remote.ProtocolHandshake createSession
INFO: Detected dialect: W3C
]]></system-err>
  </testcase>
</testsuite>