<?xml version="1.0" encoding="UTF-8"?>
<testng-results ignored="0" total="14" passed="14" failed="0" skipped="0">
  <reporter-output>
  </reporter-output>
  <suite started-at="2021-02-19T06:12:43Z" name="All Test Suite" finished-at="2021-02-19T06:13:21Z" duration-ms="37870">
    <groups>
    </groups>
    <test started-at="2021-02-19T06:12:43Z" name="Crypto" finished-at="2021-02-19T06:13:21Z" duration-ms="37870">
      <class name="Monero">
        <test-method is-config="true" signature="setup()[pri:0, instance:Monero@587e5365]" started-at="2021-02-19T06:12:43Z" name="setup" finished-at="2021-02-19T06:12:47Z" duration-ms="4118" status="PASS">
          <reporter-output>
          </reporter-output>
        </test-method> <!-- setup -->
        <test-method signature="readValues()[pri:1, instance:Monero@587e5365]" started-at="2021-02-19T06:12:47Z" name="readValues" finished-at="2021-02-19T06:13:02Z" duration-ms="14788" status="PASS">
          <reporter-output>
          </reporter-output>
        </test-method> <!-- readValues -->
        <test-method is-config="true" signature="tearDown()[pri:0, instance:Monero@587e5365]" started-at="2021-02-19T06:13:02Z" name="tearDown" finished-at="2021-02-19T06:13:05Z" duration-ms="2707" status="PASS">
          <reporter-output>
          </reporter-output>
        </test-method> <!-- tearDown -->
        <test-method is-config="true" signature="setup()[pri:0, instance:Monero@587e5365]" started-at="2021-02-19T06:13:16Z" name="setup" finished-at="2021-02-19T06:13:18Z" duration-ms="2230" status="PASS">
          <reporter-output>
          </reporter-output>
        </test-method> <!-- setup -->
        <test-method signature="write()[pri:2, instance:Monero@587e5365]" started-at="2021-02-19T06:13:18Z" name="write" finished-at="2021-02-19T06:13:18Z" duration-ms="6" status="PASS">
          <reporter-output>
          </reporter-output>
        </test-method> <!-- write -->
        <test-method is-config="true" signature="tearDown()[pri:0, instance:Monero@587e5365]" started-at="2021-02-19T06:13:18Z" name="tearDown" finished-at="2021-02-19T06:13:19Z" duration-ms="1253" status="PASS">
          <reporter-output>
          </reporter-output>
        </test-method> <!-- tearDown -->
      </class> <!-- Monero -->
      <class name="PolcaDot">
        <test-method is-config="true" signature="setup()[pri:0, instance:PolcaDot@22fcf7ab]" started-at="2021-02-19T06:13:04Z" name="setup" finished-at="2021-02-19T06:13:05Z" duration-ms="1264" status="PASS">
          <reporter-output>
          </reporter-output>
        </test-method> <!-- setup -->
        <test-method signature="readValues()[pri:1, instance:PolcaDot@22fcf7ab]" started-at="2021-02-19T06:13:05Z" name="readValues" finished-at="2021-02-19T06:13:14Z" duration-ms="8755" status="PASS">
          <reporter-output>
          </reporter-output>
        </test-method> <!-- readValues -->
        <test-method is-config="true" signature="tearDown()[pri:0, instance:PolcaDot@22fcf7ab]" started-at="2021-02-19T06:13:14Z" name="tearDown" finished-at="2021-02-19T06:13:15Z" duration-ms="889" status="PASS">
          <reporter-output>
          </reporter-output>
        </test-method> <!-- tearDown -->
        <test-method is-config="true" signature="setup()[pri:0, instance:PolcaDot@22fcf7ab]" started-at="2021-02-19T06:13:19Z" name="setup" finished-at="2021-02-19T06:13:20Z" duration-ms="1257" status="PASS">
          <reporter-output>
          </reporter-output>
        </test-method> <!-- setup -->
        <test-method signature="write()[pri:2, instance:PolcaDot@22fcf7ab]" started-at="2021-02-19T06:13:20Z" name="write" finished-at="2021-02-19T06:13:20Z" duration-ms="2" status="PASS">
          <reporter-output>
          </reporter-output>
        </test-method> <!-- write -->
        <test-method is-config="true" signature="tearDown()[pri:0, instance:PolcaDot@22fcf7ab]" started-at="2021-02-19T06:13:20Z" name="tearDown" finished-at="2021-02-19T06:13:21Z" duration-ms="706" status="PASS">
          <reporter-output>
          </reporter-output>
        </test-method> <!-- tearDown -->
      </class> <!-- PolcaDot -->
      <class name="Bitcoin">
        <test-method is-config="true" signature="setup()[pri:0, instance:Bitcoin@3d34d211]" started-at="2021-02-19T06:12:43Z" name="setup" finished-at="2021-02-19T06:12:47Z" duration-ms="4118" status="PASS">
          <reporter-output>
          </reporter-output>
        </test-method> <!-- setup -->
        <test-method signature="readValues()[pri:1, instance:Bitcoin@3d34d211]" started-at="2021-02-19T06:12:47Z" name="readValues" finished-at="2021-02-19T06:13:02Z" duration-ms="14775" status="PASS">
          <reporter-output>
          </reporter-output>
        </test-method> <!-- readValues -->
        <test-method is-config="true" signature="tearDown()[pri:0, instance:Bitcoin@3d34d211]" started-at="2021-02-19T06:13:02Z" name="tearDown" finished-at="2021-02-19T06:13:04Z" duration-ms="2257" status="PASS">
          <reporter-output>
          </reporter-output>
        </test-method> <!-- tearDown -->
        <test-method is-config="true" signature="setup()[pri:0, instance:Bitcoin@3d34d211]" started-at="2021-02-19T06:13:16Z" name="setup" finished-at="2021-02-19T06:13:18Z" duration-ms="2608" status="PASS">
          <reporter-output>
          </reporter-output>
        </test-method> <!-- setup -->
        <test-method signature="write()[pri:2, instance:Bitcoin@3d34d211]" started-at="2021-02-19T06:13:18Z" name="write" finished-at="2021-02-19T06:13:18Z" duration-ms="2" status="PASS">
          <reporter-output>
          </reporter-output>
        </test-method> <!-- write -->
        <test-method is-config="true" signature="tearDown()[pri:0, instance:Bitcoin@3d34d211]" started-at="2021-02-19T06:13:18Z" name="tearDown" finished-at="2021-02-19T06:13:19Z" duration-ms="928" status="PASS">
          <reporter-output>
          </reporter-output>
        </test-method> <!-- tearDown -->
      </class> <!-- Bitcoin -->
      <class name="Ethereum">
        <test-method is-config="true" signature="setup()[pri:0, instance:Ethereum@43c1b556]" started-at="2021-02-19T06:12:43Z" name="setup" finished-at="2021-02-19T06:12:47Z" duration-ms="4118" status="PASS">
          <reporter-output>
          </reporter-output>
        </test-method> <!-- setup -->
        <test-method signature="readValues()[pri:1, instance:Ethereum@43c1b556]" started-at="2021-02-19T06:12:47Z" name="readValues" finished-at="2021-02-19T06:13:03Z" duration-ms="15491" status="PASS">
          <reporter-output>
          </reporter-output>
        </test-method> <!-- readValues -->
        <test-method is-config="true" signature="tearDown()[pri:0, instance:Ethereum@43c1b556]" started-at="2021-02-19T06:13:03Z" name="tearDown" finished-at="2021-02-19T06:13:05Z" duration-ms="1956" status="PASS">
          <reporter-output>
          </reporter-output>
        </test-method> <!-- tearDown -->
        <test-method is-config="true" signature="setup()[pri:0, instance:Ethereum@43c1b556]" started-at="2021-02-19T06:13:16Z" name="setup" finished-at="2021-02-19T06:13:18Z" duration-ms="2528" status="PASS">
          <reporter-output>
          </reporter-output>
        </test-method> <!-- setup -->
        <test-method signature="write()[pri:2, instance:Ethereum@43c1b556]" started-at="2021-02-19T06:13:18Z" name="write" finished-at="2021-02-19T06:13:18Z" duration-ms="1" status="PASS">
          <reporter-output>
          </reporter-output>
        </test-method> <!-- write -->
        <test-method is-config="true" signature="tearDown()[pri:0, instance:Ethereum@43c1b556]" started-at="2021-02-19T06:13:18Z" name="tearDown" finished-at="2021-02-19T06:13:19Z" duration-ms="1040" status="PASS">
          <reporter-output>
          </reporter-output>
        </test-method> <!-- tearDown -->
      </class> <!-- Ethereum -->
      <class name="DogeCoin">
        <test-method is-config="true" signature="setup()[pri:0, instance:DogeCoin@4009e306]" started-at="2021-02-19T06:12:43Z" name="setup" finished-at="2021-02-19T06:12:48Z" duration-ms="4778" status="PASS">
          <reporter-output>
          </reporter-output>
        </test-method> <!-- setup -->
        <test-method signature="readValues()[pri:1, instance:DogeCoin@4009e306]" started-at="2021-02-19T06:12:48Z" name="readValues" finished-at="2021-02-19T06:13:03Z" duration-ms="14807" status="PASS">
          <reporter-output>
          </reporter-output>
        </test-method> <!-- readValues -->
        <test-method is-config="true" signature="tearDown()[pri:0, instance:DogeCoin@4009e306]" started-at="2021-02-19T06:13:03Z" name="tearDown" finished-at="2021-02-19T06:13:05Z" duration-ms="1727" status="PASS">
          <reporter-output>
          </reporter-output>
        </test-method> <!-- tearDown -->
        <test-method is-config="true" signature="setup()[pri:0, instance:DogeCoin@4009e306]" started-at="2021-02-19T06:13:16Z" name="setup" finished-at="2021-02-19T06:13:18Z" duration-ms="2817" status="PASS">
          <reporter-output>
          </reporter-output>
        </test-method> <!-- setup -->
        <test-method signature="write()[pri:2, instance:DogeCoin@4009e306]" started-at="2021-02-19T06:13:18Z" name="write" finished-at="2021-02-19T06:13:18Z" duration-ms="2" status="PASS">
          <reporter-output>
          </reporter-output>
        </test-method> <!-- write -->
        <test-method is-config="true" signature="tearDown()[pri:0, instance:DogeCoin@4009e306]" started-at="2021-02-19T06:13:18Z" name="tearDown" finished-at="2021-02-19T06:13:19Z" duration-ms="768" status="PASS">
          <reporter-output>
          </reporter-output>
        </test-method> <!-- tearDown -->
      </class> <!-- DogeCoin -->
      <class name="BinanceCoin">
        <test-method is-config="true" signature="setup()[pri:0, instance:BinanceCoin@7dc0f706]" started-at="2021-02-19T06:12:43Z" name="setup" finished-at="2021-02-19T06:12:48Z" duration-ms="4697" status="PASS">
          <reporter-output>
          </reporter-output>
        </test-method> <!-- setup -->
        <test-method signature="readValues()[pri:1, instance:BinanceCoin@7dc0f706]" started-at="2021-02-19T06:12:48Z" name="readValues" finished-at="2021-02-19T06:13:02Z" duration-ms="14394" status="PASS">
          <reporter-output>
          </reporter-output>
        </test-method> <!-- readValues -->
        <test-method is-config="true" signature="tearDown()[pri:0, instance:BinanceCoin@7dc0f706]" started-at="2021-02-19T06:13:02Z" name="tearDown" finished-at="2021-02-19T06:13:04Z" duration-ms="1538" status="PASS">
          <reporter-output>
          </reporter-output>
        </test-method> <!-- tearDown -->
        <test-method is-config="true" signature="setup()[pri:0, instance:BinanceCoin@7dc0f706]" started-at="2021-02-19T06:13:16Z" name="setup" finished-at="2021-02-19T06:13:18Z" duration-ms="2231" status="PASS">
          <reporter-output>
          </reporter-output>
        </test-method> <!-- setup -->
        <test-method signature="write()[pri:2, instance:BinanceCoin@7dc0f706]" started-at="2021-02-19T06:13:18Z" name="write" finished-at="2021-02-19T06:13:18Z" duration-ms="3" status="PASS">
          <reporter-output>
          </reporter-output>
        </test-method> <!-- write -->
        <test-method is-config="true" signature="tearDown()[pri:0, instance:BinanceCoin@7dc0f706]" started-at="2021-02-19T06:13:18Z" name="tearDown" finished-at="2021-02-19T06:13:19Z" duration-ms="1225" status="PASS">
          <reporter-output>
          </reporter-output>
        </test-method> <!-- tearDown -->
      </class> <!-- BinanceCoin -->
      <class name="TronCoin">
        <test-method is-config="true" signature="setup()[pri:0, instance:TronCoin@2de23121]" started-at="2021-02-19T06:13:04Z" name="setup" finished-at="2021-02-19T06:13:06Z" duration-ms="1564" status="PASS">
          <reporter-output>
          </reporter-output>
        </test-method> <!-- setup -->
        <test-method signature="readValues()[pri:1, instance:TronCoin@2de23121]" started-at="2021-02-19T06:13:06Z" name="readValues" finished-at="2021-02-19T06:13:15Z" duration-ms="8879" status="PASS">
          <reporter-output>
          </reporter-output>
        </test-method> <!-- readValues -->
        <test-method is-config="true" signature="tearDown()[pri:0, instance:TronCoin@2de23121]" started-at="2021-02-19T06:13:15Z" name="tearDown" finished-at="2021-02-19T06:13:16Z" duration-ms="643" status="PASS">
          <reporter-output>
          </reporter-output>
        </test-method> <!-- tearDown -->
        <test-method is-config="true" signature="setup()[pri:0, instance:TronCoin@2de23121]" started-at="2021-02-19T06:13:19Z" name="setup" finished-at="2021-02-19T06:13:20Z" duration-ms="1354" status="PASS">
          <reporter-output>
          </reporter-output>
        </test-method> <!-- setup -->
        <test-method signature="write()[pri:2, instance:TronCoin@2de23121]" started-at="2021-02-19T06:13:20Z" name="write" finished-at="2021-02-19T06:13:20Z" duration-ms="1" status="PASS">
          <reporter-output>
          </reporter-output>
        </test-method> <!-- write -->
        <test-method is-config="true" signature="tearDown()[pri:0, instance:TronCoin@2de23121]" started-at="2021-02-19T06:13:20Z" name="tearDown" finished-at="2021-02-19T06:13:21Z" duration-ms="684" status="PASS">
          <reporter-output>
          </reporter-output>
        </test-method> <!-- tearDown -->
      </class> <!-- TronCoin -->
    </test> <!-- Crypto -->
  </suite> <!-- All Test Suite -->
</testng-results>
