<?xml version="1.0" encoding="UTF-8"?>
<testsuite xmlns:xsi="http://www.w3.org/2001/XMLSchema-instance" xsi:noNamespaceSchemaLocation="https://maven.apache.org/surefire/maven-surefire-plugin/xsd/surefire-test-report-3.0.xsd" version="3.0" name="TestSuite" time="36.592" tests="8" errors="0" skipped="0" failures="0">
  <properties>
[...]
</properties>
  <testcase name="readValues" classname="BinanceCoin" time="11.924">
    <system-out><![CDATA[264.5754   +77.8247   +41.67%   Fri Feb 19 12:24:57 MSK 2021
]]></system-out>
    <system-err><![CDATA[Starting ChromeDriver 88.0.4324.96 (68dba2d8a0b149a1d3afac56fa74648032bcf46b-refs/branch-heads/4324@{#1784}) on port 16241
Only local connections are allowed.
Please see https://chromedriver.chromium.org/security-considerations for suggestions on keeping ChromeDriver safe.
Starting ChromeDriver 88.0.4324.96 (68dba2d8a0b149a1d3afac56fa74648032bcf46b-refs/branch-heads/4324@{#178St4a}r)t iongn C hproomrteD ri30ve46r 
88On.0ly.4 3l24o.ca9l6  co(6n8ndecbati2do8nsa0 bar1e49 aa1ldlo3awfeda.c56
fPla7e4a6s4e8 s0e3e2 bhcftt4p6sb:-/r/ecfhsr/obmreadnrcihv-ehre.acdhsr/om4i3u2m4.@o{r#g1/s7e8cu4r}it)y o-nc opnosritd e2r3a4t7io
nOsn floy rl suogcgaels tcoionnnesc toino nsk aereep ianlgl oCwehdr.om
ePDlreiasveer  sseaef eht.tp
s://chromedriver.chromium.org/security-considerations for suggestions on keeping ChromeDriver safe.
Starting ChromeDriver 88.0.4324.96 (68dba2d8a0b149a1d3afac56fa74648032bcf46b-refs/branch-heads/4324@{#1784}) on port 48221
Only local connections are allowed.
Please see https://chromedriver.chromium.org/security-considerations for suggestions on keeping ChromeDriver safe.
Starting ChromeDriver 88.0.4324.96 (68dba2d8a0b149a1d3afac56fa74648032bcf46b-refs/branch-heads/4324@{#1784}) on port 7969
Only local connections are allowed.
Please see https://chromedriver.chromium.org/security-considerations for suggestions on keeping ChromeDriver safe.
ChromeDriver was started successfully.
ChromeDriver was started successfully.
ChromeDriver was started successfully.
ChromeDriver was started successfully.
ChromeDriver was started successfully.
февр. 19, 2021 12:25:00 PM org.openqa.selenium.remote.ProtocolHandshake createSession
INFO: Detected dialect: W3C
февр. 19, 2021 12:25:00 PM org.openqa.selenium.remote.ProtocolHandshake createSession
INFO: Detected dialect: W3C
февр. 19, 2021 12:25:00 PM org.openqa.selenium.remote.ProtocolHandshake createSession
INFO: Detected dialect: W3C
февр. 19, 2021 12:25:01 PM org.openqa.selenium.remote.ProtocolHandshake createSession
INFO: Detected dialect: W3C
февр. 19, 2021 12:25:01 PM org.openqa.selenium.remote.ProtocolHandshake createSession
INFO: Detected dialect: W3C
]]></system-err>
  </testcase>
  <testcase name="readValues" classname="Ethereum" time="12.222">
    <system-out><![CDATA[1,931.74   +31.63   +1.66%   Fri Feb 19 12:24:57 MSK 2021
]]></system-out>
  </testcase>
  <testcase name="readValues" classname="Bitcoin" time="12.226">
    <system-out><![CDATA[52,598.9   +1228.4   +2.39%   Fri Feb 19 12:24:57 MSK 2021
]]></system-out>
  </testcase>
  <testcase name="readValues" classname="DogeCoin" time="12.231">
    <system-out><![CDATA[0.056357   +0.004864   +9.45%   Fri Feb 19 12:24:57 MSK 2021
]]></system-out>
  </testcase>
  <testcase name="readValues" classname="Monero" time="12.615">
    <system-out><![CDATA[272.558   +13.867   +5.36%   Fri Feb 19 12:24:57 MSK 2021
]]></system-out>
  </testcase>
  <testcase name="readValues" classname="TronCoin" time="6.279">
    <system-out><![CDATA[0.062062   +0.009099   +17.18%   Fri Feb 19 12:24:57 MSK 2021
]]></system-out>
    <system-err><![CDATA[Starting ChromeDriver 88.0.4324.96 (68dba2d8a0b149a1d3afac56fa74648032bcf46b-refs/branch-heads/4324@{#1784}) on port 29454
Only local connections are allowed.
Please see https://chromedriver.chromium.org/security-considerations for suggestions on keeping ChromeDriver safe.
ChromeDriver was started successfully.
февр. 19, 2021 12:25:15 PM org.openqa.selenium.remote.ProtocolHandshake createSession
INFO: Detected dialect: W3C
]]></system-err>
  </testcase>
  <testcase name="readValues" classname="PolcaDot" time="6.458">
    <system-out><![CDATA[33.84710   +2.88840   +9.33%   Fri Feb 19 12:24:57 MSK 2021
]]></system-out>
    <system-err><![CDATA[Starting ChromeDriver 88.0.4324.96 (68dba2d8a0b149a1d3afac56fa74648032bcf46b-refs/branch-heads/4324@{#1784}) on port 22600
Only local connections are allowed.
Please see https://chromedriver.chromium.org/security-considerations for suggestions on keeping ChromeDriver safe.
ChromeDriver was started successfully.
февр. 19, 2021 12:25:23 PM org.openqa.selenium.remote.ProtocolHandshake createSession
INFO: Detected dialect: W3C
]]></system-err>
  </testcase>
  <testcase name="write" classname="PolcaDot" time="0">
    <system-err><![CDATA[Starting ChromeDriver 88.0.4324.96 (68dba2d8a0b149a1d3afac56fa74648032bcf46b-refs/branch-heads/4324@{#1784}) on port 6552
Only local connections are allowed.
Please see https://chromedriver.chromium.org/security-considerations for suggestions on keeping ChromeDriver safe.
ChromeDriver was started successfully.
февр. 19, 2021 12:25:32 PM org.openqa.selenium.remote.ProtocolHandshake createSession
INFO: Detected dialect: W3C
]]></system-err>
  </testcase>
</testsuite>