<?xml version="1.0" encoding="UTF-8"?>
<testng-results ignored="0" total="8" passed="8" failed="0" skipped="0">
  <reporter-output>
  </reporter-output>
  <suite started-at="2021-02-19T09:24:57Z" name="All Test Suite" finished-at="2021-02-19T09:25:32Z" duration-ms="35596">
    <groups>
    </groups>
    <test started-at="2021-02-19T09:24:57Z" name="Crypto" finished-at="2021-02-19T09:25:32Z" duration-ms="35596">
      <class name="Monero">
        <test-method is-config="true" signature="setup()[pri:0, instance:Monero@587e5365]" started-at="2021-02-19T09:24:57Z" name="setup" finished-at="2021-02-19T09:25:01Z" duration-ms="3616" status="PASS">
          <reporter-output>
          </reporter-output>
        </test-method> <!-- setup -->
        <test-method signature="readValues()[pri:0, instance:Monero@587e5365]" started-at="2021-02-19T09:25:01Z" name="readValues" finished-at="2021-02-19T09:25:13Z" duration-ms="12958" status="PASS">
          <reporter-output>
          </reporter-output>
        </test-method> <!-- readValues -->
        <test-method is-config="true" signature="tearDown()[pri:0, instance:Monero@587e5365]" started-at="2021-02-19T09:25:13Z" name="tearDown" finished-at="2021-02-19T09:25:14Z" duration-ms="959" status="PASS">
          <reporter-output>
          </reporter-output>
        </test-method> <!-- tearDown -->
      </class> <!-- Monero -->
      <class name="PolcaDot">
        <test-method is-config="true" signature="setup()[pri:0, instance:PolcaDot@22fcf7ab]" started-at="2021-02-19T09:25:22Z" name="setup" finished-at="2021-02-19T09:25:23Z" duration-ms="1136" status="PASS">
          <reporter-output>
          </reporter-output>
        </test-method> <!-- setup -->
        <test-method signature="readValues()[pri:1, instance:PolcaDot@22fcf7ab]" started-at="2021-02-19T09:25:23Z" name="readValues" finished-at="2021-02-19T09:25:30Z" duration-ms="6617" status="PASS">
          <reporter-output>
          </reporter-output>
        </test-method> <!-- readValues -->
        <test-method is-config="true" signature="tearDown()[pri:0, instance:PolcaDot@22fcf7ab]" started-at="2021-02-19T09:25:30Z" name="tearDown" finished-at="2021-02-19T09:25:31Z" duration-ms="666" status="PASS">
          <reporter-output>
          </reporter-output>
        </test-method> <!-- tearDown -->
        <test-method is-config="true" signature="setup()[pri:0, instance:PolcaDot@22fcf7ab]" started-at="2021-02-19T09:25:31Z" name="setup" finished-at="2021-02-19T09:25:32Z" duration-ms="1142" status="PASS">
          <reporter-output>
          </reporter-output>
        </test-method> <!-- setup -->
        <test-method signature="write()[pri:2, instance:PolcaDot@22fcf7ab]" started-at="2021-02-19T09:25:32Z" name="write" finished-at="2021-02-19T09:25:32Z" duration-ms="3" status="PASS">
          <reporter-output>
          </reporter-output>
        </test-method> <!-- write -->
        <test-method is-config="true" signature="tearDown()[pri:0, instance:PolcaDot@22fcf7ab]" started-at="2021-02-19T09:25:32Z" name="tearDown" finished-at="2021-02-19T09:25:32Z" duration-ms="617" status="PASS">
          <reporter-output>
          </reporter-output>
        </test-method> <!-- tearDown -->
      </class> <!-- PolcaDot -->
      <class name="Ethereum">
        <test-method is-config="true" signature="setup()[pri:0, instance:Ethereum@43c1b556]" started-at="2021-02-19T09:24:57Z" name="setup" finished-at="2021-02-19T09:25:00Z" duration-ms="3331" status="PASS">
          <reporter-output>
          </reporter-output>
        </test-method> <!-- setup -->
        <test-method signature="readValues()[pri:0, instance:Ethereum@43c1b556]" started-at="2021-02-19T09:25:00Z" name="readValues" finished-at="2021-02-19T09:25:13Z" duration-ms="12819" status="PASS">
          <reporter-output>
          </reporter-output>
        </test-method> <!-- readValues -->
        <test-method is-config="true" signature="tearDown()[pri:0, instance:Ethereum@43c1b556]" started-at="2021-02-19T09:25:13Z" name="tearDown" finished-at="2021-02-19T09:25:14Z" duration-ms="1096" status="PASS">
          <reporter-output>
          </reporter-output>
        </test-method> <!-- tearDown -->
      </class> <!-- Ethereum -->
      <class name="Bitcoin">
        <test-method is-config="true" signature="setup()[pri:0, instance:Bitcoin@3d34d211]" started-at="2021-02-19T09:24:57Z" name="setup" finished-at="2021-02-19T09:25:01Z" duration-ms="3919" status="PASS">
          <reporter-output>
          </reporter-output>
        </test-method> <!-- setup -->
        <test-method signature="readValues()[pri:0, instance:Bitcoin@3d34d211]" started-at="2021-02-19T09:25:01Z" name="readValues" finished-at="2021-02-19T09:25:13Z" duration-ms="12249" status="PASS">
          <reporter-output>
          </reporter-output>
        </test-method> <!-- readValues -->
        <test-method is-config="true" signature="tearDown()[pri:0, instance:Bitcoin@3d34d211]" started-at="2021-02-19T09:25:13Z" name="tearDown" finished-at="2021-02-19T09:25:14Z" duration-ms="1253" status="PASS">
          <reporter-output>
          </reporter-output>
        </test-method> <!-- tearDown -->
      </class> <!-- Bitcoin -->
      <class name="DogeCoin">
        <test-method is-config="true" signature="setup()[pri:0, instance:DogeCoin@4009e306]" started-at="2021-02-19T09:24:57Z" name="setup" finished-at="2021-02-19T09:25:00Z" duration-ms="3331" status="PASS">
          <reporter-output>
          </reporter-output>
        </test-method> <!-- setup -->
        <test-method signature="readValues()[pri:0, instance:DogeCoin@4009e306]" started-at="2021-02-19T09:25:00Z" name="readValues" finished-at="2021-02-19T09:25:13Z" duration-ms="12846" status="PASS">
          <reporter-output>
          </reporter-output>
        </test-method> <!-- readValues -->
        <test-method is-config="true" signature="tearDown()[pri:0, instance:DogeCoin@4009e306]" started-at="2021-02-19T09:25:13Z" name="tearDown" finished-at="2021-02-19T09:25:14Z" duration-ms="1166" status="PASS">
          <reporter-output>
          </reporter-output>
        </test-method> <!-- tearDown -->
      </class> <!-- DogeCoin -->
      <class name="BinanceCoin">
        <test-method is-config="true" signature="setup()[pri:0, instance:BinanceCoin@7dc0f706]" started-at="2021-02-19T09:24:57Z" name="setup" finished-at="2021-02-19T09:25:00Z" duration-ms="3368" status="PASS">
          <reporter-output>
          </reporter-output>
        </test-method> <!-- setup -->
        <test-method signature="readValues()[pri:0, instance:BinanceCoin@7dc0f706]" started-at="2021-02-19T09:25:00Z" name="readValues" finished-at="2021-02-19T09:25:13Z" duration-ms="12457" status="PASS">
          <reporter-output>
          </reporter-output>
        </test-method> <!-- readValues -->
        <test-method is-config="true" signature="tearDown()[pri:0, instance:BinanceCoin@7dc0f706]" started-at="2021-02-19T09:25:13Z" name="tearDown" finished-at="2021-02-19T09:25:14Z" duration-ms="1516" status="PASS">
          <reporter-output>
          </reporter-output>
        </test-method> <!-- tearDown -->
      </class> <!-- BinanceCoin -->
      <class name="TronCoin">
        <test-method is-config="true" signature="setup()[pri:0, instance:TronCoin@2de23121]" started-at="2021-02-19T09:25:14Z" name="setup" finished-at="2021-02-19T09:25:15Z" duration-ms="1135" status="PASS">
          <reporter-output>
          </reporter-output>
        </test-method> <!-- setup -->
        <test-method signature="readValues()[pri:0, instance:TronCoin@2de23121]" started-at="2021-02-19T09:25:15Z" name="readValues" finished-at="2021-02-19T09:25:22Z" duration-ms="6353" status="PASS">
          <reporter-output>
          </reporter-output>
        </test-method> <!-- readValues -->
        <test-method is-config="true" signature="tearDown()[pri:0, instance:TronCoin@2de23121]" started-at="2021-02-19T09:25:22Z" name="tearDown" finished-at="2021-02-19T09:25:22Z" duration-ms="611" status="PASS">
          <reporter-output>
          </reporter-output>
        </test-method> <!-- tearDown -->
      </class> <!-- TronCoin -->
    </test> <!-- Crypto -->
  </suite> <!-- All Test Suite -->
</testng-results>
