<?xml version="1.0" encoding="UTF-8"?>
<!-- Generated by org.testng.reporters.JUnitXMLReporter -->
<testsuite ignored="0" hostname="DESKTOP-0V3QR0S" failures="0" tests="14" name="Crypto" time="37.87" errors="0" timestamp="19 февр. 2021 06:13:21 GMT">
  <testcase classname="Bitcoin" name="readValues" time="14.775"/>
  <testcase classname="Monero" name="readValues" time="14.788"/>
  <testcase classname="BinanceCoin" name="readValues" time="14.394"/>
  <testcase classname="DogeCoin" name="readValues" time="14.807"/>
  <testcase classname="Ethereum" name="readValues" time="15.491"/>
  <testcase classname="PolcaDot" name="readValues" time="8.755"/>
  <testcase classname="TronCoin" name="readValues" time="8.879"/>
  <testcase classname="BinanceCoin" name="write" time="0.003"/>
  <testcase classname="Monero" name="write" time="0.006"/>
  <testcase classname="Ethereum" name="write" time="0.001"/>
  <testcase classname="Bitcoin" name="write" time="0.002"/>
  <testcase classname="DogeCoin" name="write" time="0.002"/>
  <testcase classname="PolcaDot" name="write" time="0.002"/>
  <testcase classname="TronCoin" name="write" time="0.001"/>
</testsuite> <!-- Crypto -->
