<?xml version="1.0" encoding="UTF-8"?>
<!-- Generated by org.testng.reporters.JUnitXMLReporter -->
<testsuite ignored="0" hostname="DESKTOP-0V3QR0S" failures="0" tests="8" name="Crypto" time="35.596" errors="0" timestamp="19 февр. 2021 09:25:32 GMT">
  <testcase classname="BinanceCoin" name="readValues" time="12.457"/>
  <testcase classname="Ethereum" name="readValues" time="12.819"/>
  <testcase classname="Bitcoin" name="readValues" time="12.249"/>
  <testcase classname="DogeCoin" name="readValues" time="12.846"/>
  <testcase classname="Monero" name="readValues" time="12.958"/>
  <testcase classname="TronCoin" name="readValues" time="6.353"/>
  <testcase classname="PolcaDot" name="readValues" time="6.617"/>
  <testcase classname="PolcaDot" name="write" time="0.003"/>
</testsuite> <!-- Crypto -->
